c:\users\arek\tools\new tools\disney's hercules pc\hercules_hash_cracker\hercules_hash_cracker\release\hercules_hash_cracker.pch
c:\users\arek\tools\new tools\disney's hercules pc\hercules_hash_cracker\hercules_hash_cracker\release\vc141.pdb
c:\users\arek\tools\new tools\disney's hercules pc\hercules_hash_cracker\hercules_hash_cracker\release\pch.obj
c:\users\arek\tools\new tools\disney's hercules pc\hercules_hash_cracker\hercules_hash_cracker\release\hercules_hash_cracker.obj
c:\users\arek\tools\new tools\disney's hercules pc\hercules_hash_cracker\release\hercules_hash_cracker.ipdb
c:\users\arek\tools\new tools\disney's hercules pc\hercules_hash_cracker\release\hercules_hash_cracker.iobj
c:\users\arek\tools\new tools\disney's hercules pc\hercules_hash_cracker\release\hercules_hash_cracker.exe
c:\users\arek\tools\new tools\disney's hercules pc\hercules_hash_cracker\release\hercules_hash_cracker.pdb
c:\users\arek\tools\new tools\bd_hash_cracker\hercules_hash_cracker\release\hercules_hash_cracker.obj
c:\users\arek\tools\new tools\bd_hash_cracker\hercules_hash_cracker\release\pch.obj
c:\users\arek\tools\new tools\bd_hash_cracker\hercules_hash_cracker\release\hercules_hash_cracker.pch
c:\users\arek\tools\new tools\bd_hash_cracker\hercules_hash_cracker\release\vc141.pdb
c:\users\arek\tools\new tools\bd_hash_cracker\release\hercules_hash_cracker.pdb
c:\users\arek\tools\new tools\bd_hash_cracker\release\hercules_hash_cracker.exe
c:\users\arek\tools\new tools\bd_hash_cracker\hercules_hash_cracker\release\hercules.1f9a0dcc.tlog\cl.command.1.tlog
c:\users\arek\tools\new tools\bd_hash_cracker\hercules_hash_cracker\release\hercules.1f9a0dcc.tlog\cl.read.1.tlog
c:\users\arek\tools\new tools\bd_hash_cracker\hercules_hash_cracker\release\hercules.1f9a0dcc.tlog\cl.write.1.tlog
c:\users\arek\tools\new tools\bd_hash_cracker\hercules_hash_cracker\release\hercules.1f9a0dcc.tlog\hercules_hash_cracker.write.1u.tlog
c:\users\arek\tools\new tools\bd_hash_cracker\hercules_hash_cracker\release\hercules.1f9a0dcc.tlog\link.command.1.tlog
c:\users\arek\tools\new tools\bd_hash_cracker\hercules_hash_cracker\release\hercules.1f9a0dcc.tlog\link.read.1.tlog
c:\users\arek\tools\new tools\bd_hash_cracker\hercules_hash_cracker\release\hercules.1f9a0dcc.tlog\link.write.1.tlog
